<?xml version="1.0" encoding="UTF-8"?>
<!-- Generated by org.testng.reporters.JUnitXMLReporter -->
<testsuite hostname="LAPTOP-0BAH2TM9" ignored="0" name="AllureReportingTest" tests="1" failures="1" timestamp="21 déc. 2019 04:33:39 GMT" time="23.23" errors="0">
  <testcase name="@AfterClass teardown" time="0.002" classname="com.ivorytech.baseTests.AppiumBaseTests">
    <failure type="java.lang.NullPointerException">
      <![CDATA[java.lang.NullPointerException
at com.ivorytech.baseTests.AppiumBaseTests.teardown(AppiumBaseTests.java:68)
at java.util.concurrent.ThreadPoolExecutor.runWorker(ThreadPoolExecutor.java:1149)
at java.util.concurrent.ThreadPoolExecutor$Worker.run(ThreadPoolExecutor.java:624)
at java.lang.Thread.run(Thread.java:748)
... Removed 11 stack frames]]>
    </failure>
  </testcase> <!-- @AfterClass teardown -->
  <testcase name="FirstSearchOnGoogle" time="3.446" classname="com.ivorytech.test.mobileApplication.AllureReportingTest">
    <failure type="java.lang.ClassCastException" message="com.ivorytech.test.mobileApplication.AllureReportingTest cannot be cast to com.ivorytech.baseTests.SeleniumBaseTests">
      <![CDATA[java.lang.ClassCastException: com.ivorytech.test.mobileApplication.AllureReportingTest cannot be cast to com.ivorytech.baseTests.SeleniumBaseTests
at com.ivorytech.utilities.listeners.Retry.extendReportsFailOperations(Retry.java:35)
at com.ivorytech.utilities.listeners.Retry.retry(Retry.java:24)
at java.util.concurrent.ThreadPoolExecutor.runWorker(ThreadPoolExecutor.java:1149)
at java.util.concurrent.ThreadPoolExecutor$Worker.run(ThreadPoolExecutor.java:624)
at java.lang.Thread.run(Thread.java:748)
... Removed 6 stack frames]]>
    </failure>
  </testcase> <!-- FirstSearchOnGoogle -->
</testsuite> <!-- AllureReportingTest -->
