<?xml version="1.0" encoding="UTF-8"?>
<testng-results skipped="0" failed="0" ignored="0" total="1" passed="1">
  <reporter-output>
  </reporter-output>
  <suite name="Suite" duration-ms="60281" started-at="2019-11-13T10:14:31Z" finished-at="2019-11-13T10:15:31Z">
    <groups>
    </groups>
    <test name="Test" duration-ms="60281" started-at="2019-11-13T10:14:31Z" finished-at="2019-11-13T10:15:31Z">
      <class name="com.ivorytech.basics.ConnexionPageTest">
        <test-method status="PASS" signature="setBrowserConfig()[pri:0, instance:com.ivorytech.basics.ConnexionPageTest@146ba0ac]" name="setBrowserConfig" is-config="true" duration-ms="8958" started-at="2019-11-13T10:14:31Z" finished-at="2019-11-13T10:14:40Z">
          <reporter-output>
          </reporter-output>
        </test-method> <!-- setBrowserConfig -->
        <test-method status="PASS" signature="runTest()[pri:0, instance:com.ivorytech.basics.ConnexionPageTest@146ba0ac]" name="runTest" is-config="true" duration-ms="4238" started-at="2019-11-13T10:14:40Z" finished-at="2019-11-13T10:14:44Z">
          <reporter-output>
          </reporter-output>
        </test-method> <!-- runTest -->
        <test-method status="PASS" signature="launchTest()[pri:0, instance:com.ivorytech.basics.ConnexionPageTest@146ba0ac]" name="launchTest" duration-ms="46831" started-at="2019-11-13T10:14:44Z" finished-at="2019-11-13T10:15:31Z">
          <reporter-output>
          </reporter-output>
        </test-method> <!-- launchTest -->
        <test-method status="PASS" signature="closeTest()[pri:0, instance:com.ivorytech.basics.ConnexionPageTest@146ba0ac]" name="closeTest" is-config="true" duration-ms="0" started-at="2019-11-13T10:15:31Z" finished-at="2019-11-13T10:15:31Z">
          <reporter-output>
          </reporter-output>
        </test-method> <!-- closeTest -->
      </class> <!-- com.ivorytech.basics.ConnexionPageTest -->
    </test> <!-- Test -->
  </suite> <!-- Suite -->
</testng-results>
