<?xml version="1.0" encoding="UTF-8"?>
<!-- Generated by org.testng.reporters.JUnitReportReporter -->
<testsuite skipped="0" hostname="LAPTOP-0BAH2TM9" name="com.ivorytech.test.webBrowserApplication.AllureReportingTest" tests="1" failures="0" timestamp="21 déc. 2019 03:37:46 GMT" time="28.318" errors="0">
  <testcase name="FirstSearchOnGoogle" time="28.318" classname="com.ivorytech.test.webBrowserApplication.AllureReportingTest"/>
</testsuite> <!-- com.ivorytech.test.webBrowserApplication.AllureReportingTest -->
