<?xml version="1.0" encoding="UTF-8"?>
<!-- Generated by org.testng.reporters.JUnitXMLReporter -->
<testsuite hostname="LAPTOP-0BAH2TM9" ignored="0" name="LoginTest" tests="0" failures="0" timestamp="04 déc. 2019 09:08:25 GMT" time="5.759" errors="0">
  <testcase name="@BeforeClass classLevelSetup" time="0.719" classname="TestNGAllureReport.BaseTest">
    <failure type="java.lang.IllegalStateException" message="The path to the driver executable must be set by the webdriver.chrome.driver system property; for more information, see https://github.com/SeleniumHQ/selenium/wiki/ChromeDriver. The latest version can be downloaded from http://chromedriver.storage.googleapis.com/index.html">
      <![CDATA[java.lang.IllegalStateException: The path to the driver executable must be set by the webdriver.chrome.driver system property; for more information, see https://github.com/SeleniumHQ/selenium/wiki/ChromeDriver. The latest version can be downloaded from http://chromedriver.storage.googleapis.com/index.html
at com.google.common.base.Preconditions.checkState(Preconditions.java:847)
at org.openqa.selenium.remote.service.DriverService.findExecutable(DriverService.java:134)
at org.openqa.selenium.chrome.ChromeDriverService.access$000(ChromeDriverService.java:35)
at org.openqa.selenium.chrome.ChromeDriverService$Builder.findDefaultExecutable(ChromeDriverService.java:159)
at org.openqa.selenium.remote.service.DriverService$Builder.build(DriverService.java:355)
at org.openqa.selenium.chrome.ChromeDriverService.createDefaultService(ChromeDriverService.java:94)
at org.openqa.selenium.chrome.ChromeDriver.<init>(ChromeDriver.java:123)
at TestNGAllureReport.BaseTest.classLevelSetup(BaseTest.java:19)
... Removed 26 stack frames]]>
    </failure>
  </testcase> <!-- @BeforeClass classLevelSetup -->
  <testcase name="@BeforeMethod methodLevelSetup" time="0.0" classname="TestNGAllureReport.BaseTest">
    <skipped/>
  </testcase> <!-- @BeforeMethod methodLevelSetup -->
</testsuite> <!-- LoginTest -->
